<?xml version="1.0" encoding="UTF-8"?>
<!-- Generated by org.testng.reporters.JUnitReportReporter -->
<testsuite skipped="0" hostname="Ashwini-PC" name="Academy.ValidateTitle" tests="2" failures="0" timestamp="2020-04-30T14:40:05 IST" time="105.983" errors="0">
  <testcase name="TitleValidation1" time="0.014" classname="Academy.ValidateTitle"/>
  <system-out/>
  <testcase name="TitleValidation" time="105.969" classname="Academy.ValidateTitle"/>
  <system-out/>
</testsuite> <!-- Academy.ValidateTitle -->
