<?xml version="1.0" encoding="UTF-8"?>
<!-- Generated by org.testng.reporters.JUnitReportReporter -->
<testsuite skipped="0" hostname="Ashwini-PC" name="Academy.ValidateNavgationBar" tests="2" failures="0" timestamp="2020-04-30T14:56:20 IST" time="91.690" errors="0">
  <testcase name="NavigationBarValidation" time="91.674" classname="Academy.ValidateNavgationBar"/>
  <system-out/>
  <testcase name="NavigationBarValidation1" time="0.016" classname="Academy.ValidateNavgationBar"/>
  <system-out/>
</testsuite> <!-- Academy.ValidateNavgationBar -->
