<?xml version="1.0" encoding="UTF-8"?>
<!-- Generated by org.testng.reporters.JUnitReportReporter -->
<testsuite skipped="0" hostname="Ashwini-PC" name="Academy.Homepage" tests="2" failures="0" timestamp="2020-04-30T14:40:03 IST" time="105.709" errors="0">
  <testcase name="basePageNavigation" time="35.973" classname="Academy.Homepage"/>
  <system-out/>
  <testcase name="basePageNavigation" time="69.736" classname="Academy.Homepage"/>
  <system-out/>
</testsuite> <!-- Academy.Homepage -->
